#
# There is insufficient memory for the Java Runtime Environment to continue.
# Native memory allocation (malloc) failed to allocate 2539856 bytes for Chunk::new
# Possible reasons:
#   The system is out of physical RAM or swap space
#   The process is running with CompressedOops enabled, and the Java Heap may be blocking the growth of the native heap
# Possible solutions:
#   Reduce memory load on the system
#   Increase physical memory or swap space
#   Check if swap backing store is full
#   Decrease Java heap size (-Xmx/-Xms)
#   Decrease number of Java threads
#   Decrease Java thread stack sizes (-Xss)
#   Set larger code cache with -XX:ReservedCodeCacheSize=
#   JVM is running with Unscaled Compressed Oops mode in which the Java heap is
#     placed in the first 4GB address space. The Java Heap base address is the
#     maximum limit for the native heap growth. Please use -XX:HeapBaseMinAddress
#     to set the Java Heap base and to place the Java Heap above 4GB virtual address.
# This output file may be truncated or incomplete.
#
#  Out of Memory Error (arena.cpp:189), pid=29360, tid=5116
#
# JRE version: OpenJDK Runtime Environment Temurin-17.0.6+10 (17.0.6+10) (build 17.0.6+10)
# Java VM: OpenJDK 64-Bit Server VM Temurin-17.0.6+10 (17.0.6+10, mixed mode, tiered, compressed oops, compressed class ptrs, parallel gc, windows-amd64)
# No core dump will be written. Minidumps are not enabled by default on client versions of Windows
#

---------------  S U M M A R Y ------------

Command Line: --add-modules=ALL-SYSTEM --add-opens=java.base/java.util=ALL-UNNAMED --add-opens=java.base/java.lang=ALL-UNNAMED --add-opens=java.base/sun.nio.fs=ALL-UNNAMED -Declipse.application=org.eclipse.jdt.ls.core.id1 -Dosgi.bundles.defaultStartLevel=4 -Declipse.product=org.eclipse.jdt.ls.core.product -Djava.import.generatesMetadataFilesAtProjectRoot=false -Dfile.encoding=utf8 -XX:+UseParallelGC -XX:GCTimeRatio=4 -XX:AdaptiveSizePolicyWeight=90 -Dsun.zip.disableMemoryMapping=true -Xmx1G -Xms100m -Xlog:disable -javaagent:c:\Users\Public\wpilib\2023\vscode\data\extensions\redhat.java-1.16.0-win32-x64\lombok\lombok-1.18.24.jar -XX:+HeapDumpOnOutOfMemoryError -XX:HeapDumpPath=c:\Users\Public\wpilib\2023\vscode\data\user-data\User\workspaceStorage\3012a3d3674b8c37b248c5b669b4ead8\redhat.java c:\Users\Public\wpilib\2023\vscode\data\extensions\redhat.java-1.16.0-win32-x64\server\plugins\org.eclipse.equinox.launcher_1.6.400.v20210924-0641.jar -configuration c:\Users\Public\wpilib\2023\vscode\data\user-data\User\globalStorage\redhat.java\1.16.0\config_win -data c:\Users\Public\wpilib\2023\vscode\data\user-data\User\workspaceStorage\3012a3d3674b8c37b248c5b669b4ead8\redhat.java\jdt_ws

Host: Intel(R) Core(TM) i7-8700K CPU @ 3.70GHz, 12 cores, 15G,  Windows 10 , 64 bit Build 19041 (10.0.19041.3636)
Time: Sun Feb  4 13:49:21 2024 Pacific Standard Time elapsed time: 2655.777870 seconds (0d 0h 44m 15s)

---------------  T H R E A D  ---------------

Current thread (0x00000238f99bbd50):  JavaThread "C2 CompilerThread0" daemon [_thread_in_native, id=5116, stack(0x000000c44fe00000,0x000000c44ff00000)]


Current CompileTask:
C2:2655778 20871   !   4       org.eclipse.jdt.internal.compiler.impl.CompilerOptions::set (5218 bytes)

Stack: [0x000000c44fe00000,0x000000c44ff00000]
Native frames: (J=compiled Java code, j=interpreted, Vv=VM code, C=native code)
V  [jvm.dll+0x67741a]
V  [jvm.dll+0x834434]
V  [jvm.dll+0x835bde]
V  [jvm.dll+0x836243]
V  [jvm.dll+0x2457b5]
V  [jvm.dll+0xabafc]
V  [jvm.dll+0xac0cc]
V  [jvm.dll+0x363492]
V  [jvm.dll+0x32dda1]
V  [jvm.dll+0x32d24a]
V  [jvm.dll+0x2185f1]
V  [jvm.dll+0x217a11]
V  [jvm.dll+0x1a3d0d]
V  [jvm.dll+0x22742a]
V  [jvm.dll+0x225565]
V  [jvm.dll+0x7ea2cb]
V  [jvm.dll+0x7e483a]
V  [jvm.dll+0x6762c5]
C  [ucrtbase.dll+0x21bb2]
C  [KERNEL32.DLL+0x17344]
C  [ntdll.dll+0x526b1]


---------------  P R O C E S S  ---------------

Threads class SMR info:
_java_thread_list=0x00000238fb00fee0, length=37, elements={
0x00000238e20d5650, 0x00000238f9997740, 0x00000238f9999640, 0x00000238f99b1ff0,
0x00000238f99b2870, 0x00000238f99b34e0, 0x00000238f99bb160, 0x00000238f99bbd50,
0x00000238f7eae870, 0x00000238f9a1bd80, 0x00000238f9a3b7b0, 0x00000238f9d1eac0,
0x00000238fc253df0, 0x00000238fc313b00, 0x00000238fc2a94f0, 0x00000238fc2a4600,
0x00000238fc541090, 0x00000238fc44ef40, 0x00000238fc450280, 0x00000238fcc39fb0,
0x00000238fcc39140, 0x00000238fcc3cfd0, 0x00000238fcc3bc90, 0x00000238fcc3b2f0,
0x00000238fcc3ae20, 0x00000238fc44f410, 0x00000238fc450750, 0x00000238fee63e00,
0x0000023880d63ca0, 0x0000023880d63300, 0x0000023880d65980, 0x0000023880d654b0,
0x0000023880d667f0, 0x0000023880d602e0, 0x0000023880d62960, 0x0000023880d61620,
0x0000023880d62e30
}

Java Threads: ( => current thread )
  0x00000238e20d5650 JavaThread "main" [_thread_blocked, id=18028, stack(0x000000c44f500000,0x000000c44f600000)]
  0x00000238f9997740 JavaThread "Reference Handler" daemon [_thread_blocked, id=9680, stack(0x000000c44f800000,0x000000c44f900000)]
  0x00000238f9999640 JavaThread "Finalizer" daemon [_thread_blocked, id=8704, stack(0x000000c44f900000,0x000000c44fa00000)]
  0x00000238f99b1ff0 JavaThread "Signal Dispatcher" daemon [_thread_blocked, id=17732, stack(0x000000c44fa00000,0x000000c44fb00000)]
  0x00000238f99b2870 JavaThread "Attach Listener" daemon [_thread_blocked, id=18904, stack(0x000000c44fb00000,0x000000c44fc00000)]
  0x00000238f99b34e0 JavaThread "Service Thread" daemon [_thread_blocked, id=16284, stack(0x000000c44fc00000,0x000000c44fd00000)]
  0x00000238f99bb160 JavaThread "Monitor Deflation Thread" daemon [_thread_blocked, id=19368, stack(0x000000c44fd00000,0x000000c44fe00000)]
=>0x00000238f99bbd50 JavaThread "C2 CompilerThread0" daemon [_thread_in_native, id=5116, stack(0x000000c44fe00000,0x000000c44ff00000)]
  0x00000238f7eae870 JavaThread "C1 CompilerThread0" daemon [_thread_blocked, id=28228, stack(0x000000c44ff00000,0x000000c450000000)]
  0x00000238f9a1bd80 JavaThread "Sweeper thread" daemon [_thread_blocked, id=30396, stack(0x000000c450000000,0x000000c450100000)]
  0x00000238f9a3b7b0 JavaThread "Common-Cleaner" daemon [_thread_blocked, id=1584, stack(0x000000c450100000,0x000000c450200000)]
  0x00000238f9d1eac0 JavaThread "Notification Thread" daemon [_thread_blocked, id=29800, stack(0x000000c450200000,0x000000c450300000)]
  0x00000238fc253df0 JavaThread "Active Thread: Equinox Container: a4ecc10f-4e08-40d9-8419-3a3754b9d807" [_thread_blocked, id=27380, stack(0x000000c450b00000,0x000000c450c00000)]
  0x00000238fc313b00 JavaThread "Framework Event Dispatcher: Equinox Container: a4ecc10f-4e08-40d9-8419-3a3754b9d807" daemon [_thread_blocked, id=21280, stack(0x000000c450400000,0x000000c450500000)]
  0x00000238fc2a94f0 JavaThread "Start Level: Equinox Container: a4ecc10f-4e08-40d9-8419-3a3754b9d807" daemon [_thread_blocked, id=15764, stack(0x000000c450c00000,0x000000c450d00000)]
  0x00000238fc2a4600 JavaThread "SCR Component Actor" daemon [_thread_blocked, id=1816, stack(0x000000c450d00000,0x000000c450e00000)]
  0x00000238fc541090 JavaThread "Worker-JM" [_thread_blocked, id=6208, stack(0x000000c451000000,0x000000c451100000)]
  0x00000238fc44ef40 JavaThread "Java indexing" daemon [_thread_blocked, id=17556, stack(0x000000c451600000,0x000000c451700000)]
  0x00000238fc450280 JavaThread "JNA Cleaner" daemon [_thread_blocked, id=18932, stack(0x000000c451800000,0x000000c451900000)]
  0x00000238fcc39fb0 JavaThread "pool-2-thread-1" [_thread_blocked, id=22164, stack(0x000000c451c00000,0x000000c451d00000)]
  0x00000238fcc39140 JavaThread "pool-1-thread-1" [_thread_in_native, id=15488, stack(0x000000c451e00000,0x000000c451f00000)]
  0x00000238fcc3cfd0 JavaThread "Timer-0" [_thread_blocked, id=29876, stack(0x000000c452000000,0x000000c452100000)]
  0x00000238fcc3bc90 JavaThread "ForkJoinPool.commonPool-worker-1" daemon [_thread_blocked, id=19740, stack(0x000000c451100000,0x000000c451200000)]
  0x00000238fcc3b2f0 JavaThread "ForkJoinPool.commonPool-worker-13" daemon [_thread_blocked, id=29972, stack(0x000000c44f400000,0x000000c44f500000)]
  0x00000238fcc3ae20 JavaThread "ForkJoinPool.commonPool-worker-15" daemon [_thread_blocked, id=29192, stack(0x000000c44f200000,0x000000c44f300000)]
  0x00000238fc44f410 JavaThread "Bundle File Closer" daemon [_thread_blocked, id=15928, stack(0x000000c451a00000,0x000000c451b00000)]
  0x00000238fc450750 JavaThread "ForkJoinPool.commonPool-worker-16" daemon [_thread_blocked, id=3300, stack(0x000000c451400000,0x000000c451500000)]
  0x00000238fee63e00 JavaThread "ForkJoinPool.commonPool-worker-19" daemon [_thread_blocked, id=9700, stack(0x000000c451900000,0x000000c451a00000)]
  0x0000023880d63ca0 JavaThread "Worker-18" [_thread_blocked, id=30660, stack(0x000000c451b00000,0x000000c451c00000)]
  0x0000023880d63300 JavaThread "Worker-19" [_thread_blocked, id=23184, stack(0x000000c452200000,0x000000c452300000)]
  0x0000023880d65980 JavaThread "ForkJoinPool.commonPool-worker-22" daemon [_thread_blocked, id=29180, stack(0x000000c451500000,0x000000c451600000)]
  0x0000023880d654b0 JavaThread "ForkJoinPool.commonPool-worker-23" daemon [_thread_blocked, id=21724, stack(0x000000c44f300000,0x000000c44f400000)]
  0x0000023880d667f0 JavaThread "ForkJoinPool.commonPool-worker-24" daemon [_thread_blocked, id=14656, stack(0x000000c450f00000,0x000000c451000000)]
  0x0000023880d602e0 JavaThread "ForkJoinPool.commonPool-worker-25" daemon [_thread_blocked, id=13156, stack(0x000000c451700000,0x000000c451800000)]
  0x0000023880d62960 JavaThread "ForkJoinPool.commonPool-worker-26" daemon [_thread_blocked, id=29464, stack(0x000000c451d00000,0x000000c451e00000)]
  0x0000023880d61620 JavaThread "ForkJoinPool.commonPool-worker-27" daemon [_thread_blocked, id=20016, stack(0x000000c451f00000,0x000000c452000000)]
  0x0000023880d62e30 JavaThread "Worker-21" [_thread_blocked, id=22196, stack(0x000000c452100000,0x000000c452200000)]

Other Threads:
  0x00000238f99824a0 VMThread "VM Thread" [stack: 0x000000c44f700000,0x000000c44f800000] [id=11476]
  0x00000238faf40820 WatcherThread [stack: 0x000000c450300000,0x000000c450400000] [id=23936]
  0x00000238e20edbd0 GCTaskThread "GC Thread#0" [stack: 0x000000c44f600000,0x000000c44f700000] [id=22788]
  0x00000238fb04a750 GCTaskThread "GC Thread#1" [stack: 0x000000c450500000,0x000000c450600000] [id=28752]
  0x00000238fb42d7f0 GCTaskThread "GC Thread#2" [stack: 0x000000c450600000,0x000000c450700000] [id=7736]
  0x00000238fb63a430 GCTaskThread "GC Thread#3" [stack: 0x000000c450700000,0x000000c450800000] [id=17676]
  0x00000238fb63a6e0 GCTaskThread "GC Thread#4" [stack: 0x000000c450800000,0x000000c450900000] [id=28968]
  0x00000238fb63a990 GCTaskThread "GC Thread#5" [stack: 0x000000c450900000,0x000000c450a00000] [id=24912]
  0x00000238fb4c4f30 GCTaskThread "GC Thread#6" [stack: 0x000000c450a00000,0x000000c450b00000] [id=28916]
  0x00000238fc310000 GCTaskThread "GC Thread#7" [stack: 0x000000c450e00000,0x000000c450f00000] [id=22972]
  0x00000238fc5b6c90 GCTaskThread "GC Thread#8" [stack: 0x000000c451200000,0x000000c451300000] [id=16164]
  0x00000238fc5b6f40 GCTaskThread "GC Thread#9" [stack: 0x000000c451300000,0x000000c451400000] [id=15476]

Threads with active compile tasks:
C2 CompilerThread0  2655798 20871   !   4       org.eclipse.jdt.internal.compiler.impl.CompilerOptions::set (5218 bytes)

VM state: not at safepoint (normal execution)

VM Mutex/Monitor currently owned by a thread: None

Heap address: 0x00000000c0000000, size: 1024 MB, Compressed Oops mode: 32-bit

CDS archive(s) not mapped
Compressed class space mapped at: 0x0000000100000000-0x0000000140000000, reserved size: 1073741824
Narrow klass base: 0x0000000000000000, Narrow klass shift: 3, Narrow klass range: 0x140000000

GC Precious Log:
 CPUs: 12 total, 12 available
 Memory: 16302M
 Large Page Support: Disabled
 NUMA Support: Disabled
 Compressed Oops: Enabled (32-bit)
 Alignments: Space 512K, Generation 512K, Heap 2M
 Heap Min Capacity: 100M
 Heap Initial Capacity: 100M
 Heap Max Capacity: 1G
 Pre-touch: Disabled
 Parallel Workers: 10

Heap:
 PSYoungGen      total 5120K, used 2183K [0x00000000eab00000, 0x00000000eb100000, 0x0000000100000000)
  eden space 4096K, 39% used [0x00000000eab00000,0x00000000eac91f18,0x00000000eaf00000)
  from space 1024K, 56% used [0x00000000eb000000,0x00000000eb090000,0x00000000eb100000)
  to   space 1024K, 0% used [0x00000000eaf00000,0x00000000eaf00000,0x00000000eb000000)
 ParOldGen       total 83968K, used 71722K [0x00000000c0000000, 0x00000000c5200000, 0x00000000eab00000)
  object space 83968K, 85% used [0x00000000c0000000,0x00000000c460aaa0,0x00000000c5200000)
 Metaspace       used 93496K, committed 94592K, reserved 1138688K
  class space    used 9907K, committed 10368K, reserved 1048576K

Card table byte_map: [0x00000238f5740000,0x00000238f5950000] _byte_map_base: 0x00000238f5140000

Marking Bits: (ParMarkBitMap*) 0x00007ffd4f5c3e70
 Begin Bits: [0x00000238f5ab0000, 0x00000238f6ab0000)
 End Bits:   [0x00000238f6ab0000, 0x00000238f7ab0000)

Polling page: 0x00000238e1dc0000

Metaspace:

Usage:
  Non-class:     81.63 MB used.
      Class:      9.68 MB used.
       Both:     91.31 MB used.

Virtual space:
  Non-class space:       88.00 MB reserved,      82.25 MB ( 93%) committed,  11 nodes.
      Class space:        1.00 GB reserved,      10.12 MB ( <1%) committed,  1 nodes.
             Both:        1.09 GB reserved,      92.38 MB (  8%) committed. 

Chunk freelists:
   Non-Class:  1006.00 KB
       Class:  1.87 MB
        Both:  2.86 MB

MaxMetaspaceSize: unlimited
CompressedClassSpaceSize: 1.00 GB
Initial GC threshold: 21.00 MB
Current GC threshold: 153.88 MB
CDS: off
MetaspaceReclaimPolicy: balanced
 - commit_granule_bytes: 65536.
 - commit_granule_words: 8192.
 - virtual_space_node_default_size: 1048576.
 - enlarge_chunks_in_place: 1.
 - new_chunks_are_fully_committed: 0.
 - uncommit_free_chunks: 1.
 - use_allocation_guard: 0.
 - handle_deallocations: 1.


Internal statistics:

num_allocs_failed_limit: 9.
num_arena_births: 766.
num_arena_deaths: 188.
num_vsnodes_births: 12.
num_vsnodes_deaths: 0.
num_space_committed: 1478.
num_space_uncommitted: 0.
num_chunks_returned_to_freelist: 239.
num_chunks_taken_from_freelist: 4627.
num_chunk_merges: 83.
num_chunk_splits: 2828.
num_chunks_enlarged: 1650.
num_purges: 12.
num_inconsistent_stats: 0.

CodeHeap 'non-profiled nmethods': size=120000Kb used=18109Kb max_used=18109Kb free=101890Kb
 bounds [0x00000238ee030000, 0x00000238ef1f0000, 0x00000238f5560000]
CodeHeap 'profiled nmethods': size=120000Kb used=32757Kb max_used=32757Kb free=87242Kb
 bounds [0x00000238e6560000, 0x00000238e85b0000, 0x00000238eda90000]
CodeHeap 'non-nmethods': size=5760Kb used=1432Kb max_used=1532Kb free=4328Kb
 bounds [0x00000238eda90000, 0x00000238edd00000, 0x00000238ee030000]
 total_blobs=16369 nmethods=15582 adapters=697
 compilation: enabled
              stopped_count=0, restarted_count=0
 full_count=0

Compilation events (20 events):
Event: 2654.186 Thread 0x00000238f99bbd50 nmethod 20861 0x00000238eef18510 code [0x00000238eef18680, 0x00000238eef18718]
Event: 2654.599 Thread 0x00000238f99bbd50 20862       4       org.eclipse.jdt.internal.compiler.ast.Assignment::resolveType (389 bytes)
Event: 2654.675 Thread 0x00000238f7eae870 20864       3       org.eclipse.core.resources.WorkspaceJob::<init> (12 bytes)
Event: 2654.675 Thread 0x00000238f7eae870 nmethod 20864 0x00000238e7a13b90 code [0x00000238e7a13d60, 0x00000238e7a140b8]
Event: 2654.676 Thread 0x00000238f99bbd50 nmethod 20862 0x00000238eed4c490 code [0x00000238eed4c7e0, 0x00000238eed4e270]
Event: 2654.676 Thread 0x00000238f99bbd50 20863       4       org.eclipse.jdt.internal.compiler.lookup.LookupEnvironment::computeBoxingType (581 bytes)
Event: 2654.678 Thread 0x00000238f99bbd50 nmethod 20863 0x00000238ee570110 code [0x00000238ee5702a0, 0x00000238ee5704d8]
Event: 2654.876 Thread 0x00000238f7eae870 20865       3       org.eclipse.jdt.internal.core.SourceType::getTypes (23 bytes)
Event: 2654.877 Thread 0x00000238f7eae870 nmethod 20865 0x00000238e7be9b10 code [0x00000238e7be9cc0, 0x00000238e7bea078]
Event: 2655.073 Thread 0x00000238f99bbd50 20866       4       org.eclipse.jdt.internal.core.builder.NameEnvironment::collectModuleEntries (351 bytes)
Event: 2655.102 Thread 0x00000238f99bbd50 nmethod 20866 0x00000238ef1d3590 code [0x00000238ef1d37e0, 0x00000238ef1d4d70]
Event: 2655.127 Thread 0x00000238f99bbd50 20867   !   4       org.eclipse.jdt.ls.core.internal.handlers.FoldingRangeHandler::computeFoldingRanges (492 bytes)
Event: 2655.197 Thread 0x00000238f99bbd50 nmethod 20867 0x00000238ef1d6110 code [0x00000238ef1d64e0, 0x00000238ef1da2e8]
Event: 2655.276 Thread 0x00000238f7eae870 20868   !   3       jdk.internal.reflect.GeneratedConstructorAccessor47::newInstance (49 bytes)
Event: 2655.276 Thread 0x00000238f7eae870 nmethod 20868 0x00000238e7be9190 code [0x00000238e7be9380, 0x00000238e7be9848]
Event: 2655.276 Thread 0x00000238f7eae870 20869   !   3       jdk.internal.reflect.GeneratedMethodAccessor26::invoke (67 bytes)
Event: 2655.276 Thread 0x00000238f7eae870 nmethod 20869 0x00000238e7be8490 code [0x00000238e7be86c0, 0x00000238e7be8e38]
Event: 2655.650 Thread 0x00000238f99bbd50 20870       4       org.eclipse.jdt.internal.compiler.lookup.MethodVerifier::checkAgainstInheritedMethods (580 bytes)
Event: 2655.672 Thread 0x00000238f99bbd50 nmethod 20870 0x00000238ef1ddc10 code [0x00000238ef1dde60, 0x00000238ef1df068]
Event: 2655.672 Thread 0x00000238f99bbd50 20871   !   4       org.eclipse.jdt.internal.compiler.impl.CompilerOptions::set (5218 bytes)

GC Heap History (20 events):
Event: 2655.648 GC heap before
{Heap before GC invocations=5580 (full 207):
 PSYoungGen      total 3072K, used 2816K [0x00000000eab00000, 0x00000000eaf00000, 0x0000000100000000)
  eden space 2560K, 100% used [0x00000000eab00000,0x00000000ead80000,0x00000000ead80000)
  from space 512K, 50% used [0x00000000eae80000,0x00000000eaec0000,0x00000000eaf00000)
  to   space 512K, 0% used [0x00000000eae00000,0x00000000eae00000,0x00000000eae80000)
 ParOldGen       total 83968K, used 63300K [0x00000000c0000000, 0x00000000c5200000, 0x00000000eab00000)
  object space 83968K, 75% used [0x00000000c0000000,0x00000000c3dd1090,0x00000000c5200000)
 Metaspace       used 93496K, committed 94592K, reserved 1138688K
  class space    used 9907K, committed 10368K, reserved 1048576K
}
Event: 2655.649 GC heap after
{Heap after GC invocations=5580 (full 207):
 PSYoungGen      total 3072K, used 512K [0x00000000eab00000, 0x00000000eaf80000, 0x0000000100000000)
  eden space 2560K, 0% used [0x00000000eab00000,0x00000000eab00000,0x00000000ead80000)
  from space 512K, 100% used [0x00000000eae00000,0x00000000eae80000,0x00000000eae80000)
  to   space 1024K, 0% used [0x00000000eae80000,0x00000000eae80000,0x00000000eaf80000)
 ParOldGen       total 83968K, used 63388K [0x00000000c0000000, 0x00000000c5200000, 0x00000000eab00000)
  object space 83968K, 75% used [0x00000000c0000000,0x00000000c3de7090,0x00000000c5200000)
 Metaspace       used 93496K, committed 94592K, reserved 1138688K
  class space    used 9907K, committed 10368K, reserved 1048576K
}
Event: 2655.654 GC heap before
{Heap before GC invocations=5581 (full 207):
 PSYoungGen      total 3072K, used 3072K [0x00000000eab00000, 0x00000000eaf80000, 0x0000000100000000)
  eden space 2560K, 100% used [0x00000000eab00000,0x00000000ead80000,0x00000000ead80000)
  from space 512K, 100% used [0x00000000eae00000,0x00000000eae80000,0x00000000eae80000)
  to   space 1024K, 0% used [0x00000000eae80000,0x00000000eae80000,0x00000000eaf80000)
 ParOldGen       total 83968K, used 63388K [0x00000000c0000000, 0x00000000c5200000, 0x00000000eab00000)
  object space 83968K, 75% used [0x00000000c0000000,0x00000000c3de7090,0x00000000c5200000)
 Metaspace       used 93496K, committed 94592K, reserved 1138688K
  class space    used 9907K, committed 10368K, reserved 1048576K
}
Event: 2655.654 GC heap after
{Heap after GC invocations=5581 (full 207):
 PSYoungGen      total 3072K, used 1008K [0x00000000eab00000, 0x00000000eb080000, 0x0000000100000000)
  eden space 2048K, 0% used [0x00000000eab00000,0x00000000eab00000,0x00000000ead00000)
  from space 1024K, 98% used [0x00000000eae80000,0x00000000eaf7c010,0x00000000eaf80000)
  to   space 1536K, 0% used [0x00000000ead00000,0x00000000ead00000,0x00000000eae80000)
 ParOldGen       total 83968K, used 63851K [0x00000000c0000000, 0x00000000c5200000, 0x00000000eab00000)
  object space 83968K, 76% used [0x00000000c0000000,0x00000000c3e5ad10,0x00000000c5200000)
 Metaspace       used 93496K, committed 94592K, reserved 1138688K
  class space    used 9907K, committed 10368K, reserved 1048576K
}
Event: 2655.658 GC heap before
{Heap before GC invocations=5582 (full 207):
 PSYoungGen      total 3072K, used 3056K [0x00000000eab00000, 0x00000000eb080000, 0x0000000100000000)
  eden space 2048K, 100% used [0x00000000eab00000,0x00000000ead00000,0x00000000ead00000)
  from space 1024K, 98% used [0x00000000eae80000,0x00000000eaf7c010,0x00000000eaf80000)
  to   space 1536K, 0% used [0x00000000ead00000,0x00000000ead00000,0x00000000eae80000)
 ParOldGen       total 83968K, used 63851K [0x00000000c0000000, 0x00000000c5200000, 0x00000000eab00000)
  object space 83968K, 76% used [0x00000000c0000000,0x00000000c3e5ad10,0x00000000c5200000)
 Metaspace       used 93496K, committed 94592K, reserved 1138688K
  class space    used 9907K, committed 10368K, reserved 1048576K
}
Event: 2655.659 GC heap after
{Heap after GC invocations=5582 (full 207):
 PSYoungGen      total 3072K, used 640K [0x00000000eab00000, 0x00000000eaf00000, 0x0000000100000000)
  eden space 2048K, 0% used [0x00000000eab00000,0x00000000eab00000,0x00000000ead00000)
  from space 1024K, 62% used [0x00000000ead00000,0x00000000eada0000,0x00000000eae00000)
  to   space 1024K, 0% used [0x00000000eae00000,0x00000000eae00000,0x00000000eaf00000)
 ParOldGen       total 83968K, used 64688K [0x00000000c0000000, 0x00000000c5200000, 0x00000000eab00000)
  object space 83968K, 77% used [0x00000000c0000000,0x00000000c3f2c200,0x00000000c5200000)
 Metaspace       used 93496K, committed 94592K, reserved 1138688K
  class space    used 9907K, committed 10368K, reserved 1048576K
}
Event: 2655.660 GC heap before
{Heap before GC invocations=5583 (full 207):
 PSYoungGen      total 3072K, used 2558K [0x00000000eab00000, 0x00000000eaf00000, 0x0000000100000000)
  eden space 2048K, 93% used [0x00000000eab00000,0x00000000eacdf8f0,0x00000000ead00000)
  from space 1024K, 62% used [0x00000000ead00000,0x00000000eada0000,0x00000000eae00000)
  to   space 1024K, 0% used [0x00000000eae00000,0x00000000eae00000,0x00000000eaf00000)
 ParOldGen       total 83968K, used 64688K [0x00000000c0000000, 0x00000000c5200000, 0x00000000eab00000)
  object space 83968K, 77% used [0x00000000c0000000,0x00000000c3f2c200,0x00000000c5200000)
 Metaspace       used 93496K, committed 94592K, reserved 1138688K
  class space    used 9907K, committed 10368K, reserved 1048576K
}
Event: 2655.661 GC heap after
{Heap after GC invocations=5583 (full 207):
 PSYoungGen      total 3072K, used 814K [0x00000000eab00000, 0x00000000eaf00000, 0x0000000100000000)
  eden space 2048K, 0% used [0x00000000eab00000,0x00000000eab00000,0x00000000ead00000)
  from space 1024K, 79% used [0x00000000eae00000,0x00000000eaecb940,0x00000000eaf00000)
  to   space 1024K, 0% used [0x00000000ead00000,0x00000000ead00000,0x00000000eae00000)
 ParOldGen       total 83968K, used 65250K [0x00000000c0000000, 0x00000000c5200000, 0x00000000eab00000)
  object space 83968K, 77% used [0x00000000c0000000,0x00000000c3fb8b00,0x00000000c5200000)
 Metaspace       used 93496K, committed 94592K, reserved 1138688K
  class space    used 9907K, committed 10368K, reserved 1048576K
}
Event: 2655.663 GC heap before
{Heap before GC invocations=5584 (full 207):
 PSYoungGen      total 3072K, used 2862K [0x00000000eab00000, 0x00000000eaf00000, 0x0000000100000000)
  eden space 2048K, 100% used [0x00000000eab00000,0x00000000ead00000,0x00000000ead00000)
  from space 1024K, 79% used [0x00000000eae00000,0x00000000eaecb940,0x00000000eaf00000)
  to   space 1024K, 0% used [0x00000000ead00000,0x00000000ead00000,0x00000000eae00000)
 ParOldGen       total 83968K, used 65250K [0x00000000c0000000, 0x00000000c5200000, 0x00000000eab00000)
  object space 83968K, 77% used [0x00000000c0000000,0x00000000c3fb8b00,0x00000000c5200000)
 Metaspace       used 93496K, committed 94592K, reserved 1138688K
  class space    used 9907K, committed 10368K, reserved 1048576K
}
Event: 2655.664 GC heap after
{Heap after GC invocations=5584 (full 207):
 PSYoungGen      total 3072K, used 1022K [0x00000000eab00000, 0x00000000eb200000, 0x0000000100000000)
  eden space 2048K, 0% used [0x00000000eab00000,0x00000000eab00000,0x00000000ead00000)
  from space 1024K, 99% used [0x00000000ead00000,0x00000000eadff930,0x00000000eae00000)
  to   space 2560K, 0% used [0x00000000eaf80000,0x00000000eaf80000,0x00000000eb200000)
 ParOldGen       total 83968K, used 66425K [0x00000000c0000000, 0x00000000c5200000, 0x00000000eab00000)
  object space 83968K, 79% used [0x00000000c0000000,0x00000000c40de700,0x00000000c5200000)
 Metaspace       used 93496K, committed 94592K, reserved 1138688K
  class space    used 9907K, committed 10368K, reserved 1048576K
}
Event: 2655.666 GC heap before
{Heap before GC invocations=5585 (full 207):
 PSYoungGen      total 3072K, used 3070K [0x00000000eab00000, 0x00000000eb200000, 0x0000000100000000)
  eden space 2048K, 100% used [0x00000000eab00000,0x00000000ead00000,0x00000000ead00000)
  from space 1024K, 99% used [0x00000000ead00000,0x00000000eadff930,0x00000000eae00000)
  to   space 2560K, 0% used [0x00000000eaf80000,0x00000000eaf80000,0x00000000eb200000)
 ParOldGen       total 83968K, used 66425K [0x00000000c0000000, 0x00000000c5200000, 0x00000000eab00000)
  object space 83968K, 79% used [0x00000000c0000000,0x00000000c40de700,0x00000000c5200000)
 Metaspace       used 93496K, committed 94592K, reserved 1138688K
  class space    used 9907K, committed 10368K, reserved 1048576K
}
Event: 2655.667 GC heap after
{Heap after GC invocations=5585 (full 207):
 PSYoungGen      total 4608K, used 1472K [0x00000000eab00000, 0x00000000eb180000, 0x0000000100000000)
  eden space 2560K, 0% used [0x00000000eab00000,0x00000000eab00000,0x00000000ead80000)
  from space 2048K, 71% used [0x00000000eaf80000,0x00000000eb0f0000,0x00000000eb180000)
  to   space 2048K, 0% used [0x00000000ead80000,0x00000000ead80000,0x00000000eaf80000)
 ParOldGen       total 83968K, used 67484K [0x00000000c0000000, 0x00000000c5200000, 0x00000000eab00000)
  object space 83968K, 80% used [0x00000000c0000000,0x00000000c41e7040,0x00000000c5200000)
 Metaspace       used 93496K, committed 94592K, reserved 1138688K
  class space    used 9907K, committed 10368K, reserved 1048576K
}
Event: 2655.670 GC heap before
{Heap before GC invocations=5586 (full 207):
 PSYoungGen      total 4608K, used 4032K [0x00000000eab00000, 0x00000000eb180000, 0x0000000100000000)
  eden space 2560K, 100% used [0x00000000eab00000,0x00000000ead80000,0x00000000ead80000)
  from space 2048K, 71% used [0x00000000eaf80000,0x00000000eb0f0000,0x00000000eb180000)
  to   space 2048K, 0% used [0x00000000ead80000,0x00000000ead80000,0x00000000eaf80000)
 ParOldGen       total 83968K, used 67484K [0x00000000c0000000, 0x00000000c5200000, 0x00000000eab00000)
  object space 83968K, 80% used [0x00000000c0000000,0x00000000c41e7040,0x00000000c5200000)
 Metaspace       used 93496K, committed 94592K, reserved 1138688K
  class space    used 9907K, committed 10368K, reserved 1048576K
}
Event: 2655.672 GC heap after
{Heap after GC invocations=5586 (full 207):
 PSYoungGen      total 4608K, used 1632K [0x00000000eab00000, 0x00000000eb200000, 0x0000000100000000)
  eden space 2560K, 0% used [0x00000000eab00000,0x00000000eab00000,0x00000000ead80000)
  from space 2048K, 79% used [0x00000000ead80000,0x00000000eaf18000,0x00000000eaf80000)
  to   space 2048K, 0% used [0x00000000eb000000,0x00000000eb000000,0x00000000eb200000)
 ParOldGen       total 83968K, used 68802K [0x00000000c0000000, 0x00000000c5200000, 0x00000000eab00000)
  object space 83968K, 81% used [0x00000000c0000000,0x00000000c4330b60,0x00000000c5200000)
 Metaspace       used 93496K, committed 94592K, reserved 1138688K
  class space    used 9907K, committed 10368K, reserved 1048576K
}
Event: 2655.675 GC heap before
{Heap before GC invocations=5587 (full 207):
 PSYoungGen      total 4608K, used 4192K [0x00000000eab00000, 0x00000000eb200000, 0x0000000100000000)
  eden space 2560K, 100% used [0x00000000eab00000,0x00000000ead80000,0x00000000ead80000)
  from space 2048K, 79% used [0x00000000ead80000,0x00000000eaf18000,0x00000000eaf80000)
  to   space 2048K, 0% used [0x00000000eb000000,0x00000000eb000000,0x00000000eb200000)
 ParOldGen       total 83968K, used 68802K [0x00000000c0000000, 0x00000000c5200000, 0x00000000eab00000)
  object space 83968K, 81% used [0x00000000c0000000,0x00000000c4330b60,0x00000000c5200000)
 Metaspace       used 93496K, committed 94592K, reserved 1138688K
  class space    used 9907K, committed 10368K, reserved 1048576K
}
Event: 2655.676 GC heap after
{Heap after GC invocations=5587 (full 207):
 PSYoungGen      total 4096K, used 1024K [0x00000000eab00000, 0x00000000eb100000, 0x0000000100000000)
  eden space 3072K, 0% used [0x00000000eab00000,0x00000000eab00000,0x00000000eae00000)
  from space 1024K, 100% used [0x00000000eb000000,0x00000000eb100000,0x00000000eb100000)
  to   space 1536K, 0% used [0x00000000eae00000,0x00000000eae00000,0x00000000eaf80000)
 ParOldGen       total 83968K, used 70221K [0x00000000c0000000, 0x00000000c5200000, 0x00000000eab00000)
  object space 83968K, 83% used [0x00000000c0000000,0x00000000c4493460,0x00000000c5200000)
 Metaspace       used 93496K, committed 94592K, reserved 1138688K
  class space    used 9907K, committed 10368K, reserved 1048576K
}
Event: 2655.678 GC heap before
{Heap before GC invocations=5588 (full 207):
 PSYoungGen      total 4096K, used 4096K [0x00000000eab00000, 0x00000000eb100000, 0x0000000100000000)
  eden space 3072K, 100% used [0x00000000eab00000,0x00000000eae00000,0x00000000eae00000)
  from space 1024K, 100% used [0x00000000eb000000,0x00000000eb100000,0x00000000eb100000)
  to   space 1536K, 0% used [0x00000000eae00000,0x00000000eae00000,0x00000000eaf80000)
 ParOldGen       total 83968K, used 70221K [0x00000000c0000000, 0x00000000c5200000, 0x00000000eab00000)
  object space 83968K, 83% used [0x00000000c0000000,0x00000000c4493460,0x00000000c5200000)
 Metaspace       used 93496K, committed 94592K, reserved 1138688K
  class space    used 9907K, committed 10368K, reserved 1048576K
}
Event: 2655.679 GC heap after
{Heap after GC invocations=5588 (full 207):
 PSYoungGen      total 4608K, used 912K [0x00000000eab00000, 0x00000000eb100000, 0x0000000100000000)
  eden space 3072K, 0% used [0x00000000eab00000,0x00000000eab00000,0x00000000eae00000)
  from space 1536K, 59% used [0x00000000eae00000,0x00000000eaee4010,0x00000000eaf80000)
  to   space 1024K, 0% used [0x00000000eb000000,0x00000000eb000000,0x00000000eb100000)
 ParOldGen       total 83968K, used 71051K [0x00000000c0000000, 0x00000000c5200000, 0x00000000eab00000)
  object space 83968K, 84% used [0x00000000c0000000,0x00000000c4562f80,0x00000000c5200000)
 Metaspace       used 93496K, committed 94592K, reserved 1138688K
  class space    used 9907K, committed 10368K, reserved 1048576K
}
Event: 2655.681 GC heap before
{Heap before GC invocations=5589 (full 207):
 PSYoungGen      total 4608K, used 3984K [0x00000000eab00000, 0x00000000eb100000, 0x0000000100000000)
  eden space 3072K, 100% used [0x00000000eab00000,0x00000000eae00000,0x00000000eae00000)
  from space 1536K, 59% used [0x00000000eae00000,0x00000000eaee4010,0x00000000eaf80000)
  to   space 1024K, 0% used [0x00000000eb000000,0x00000000eb000000,0x00000000eb100000)
 ParOldGen       total 83968K, used 71051K [0x00000000c0000000, 0x00000000c5200000, 0x00000000eab00000)
  object space 83968K, 84% used [0x00000000c0000000,0x00000000c4562f80,0x00000000c5200000)
 Metaspace       used 93496K, committed 94592K, reserved 1138688K
  class space    used 9907K, committed 10368K, reserved 1048576K
}
Event: 2655.682 GC heap after
{Heap after GC invocations=5589 (full 207):
 PSYoungGen      total 5120K, used 576K [0x00000000eab00000, 0x00000000eb100000, 0x0000000100000000)
  eden space 4096K, 0% used [0x00000000eab00000,0x00000000eab00000,0x00000000eaf00000)
  from space 1024K, 56% used [0x00000000eb000000,0x00000000eb090000,0x00000000eb100000)
  to   space 1024K, 0% used [0x00000000eaf00000,0x00000000eaf00000,0x00000000eb000000)
 ParOldGen       total 83968K, used 71722K [0x00000000c0000000, 0x00000000c5200000, 0x00000000eab00000)
  object space 83968K, 85% used [0x00000000c0000000,0x00000000c460aaa0,0x00000000c5200000)
 Metaspace       used 93496K, committed 94592K, reserved 1138688K
  class space    used 9907K, committed 10368K, reserved 1048576K
}

Dll operation events (14 events):
Event: 0.024 Loaded shared library c:\Users\Public\wpilib\2023\vscode\data\extensions\redhat.java-1.16.0-win32-x64\jre\17.0.6-win32-x86_64\bin\java.dll
Event: 0.205 Loaded shared library c:\Users\Public\wpilib\2023\vscode\data\extensions\redhat.java-1.16.0-win32-x64\jre\17.0.6-win32-x86_64\bin\zip.dll
Event: 0.208 Loaded shared library C:\Users\Public\wpilib\2023\vscode\data\extensions\redhat.java-1.16.0-win32-x64\jre\17.0.6-win32-x86_64\bin\instrument.dll
Event: 0.221 Loaded shared library C:\Users\Public\wpilib\2023\vscode\data\extensions\redhat.java-1.16.0-win32-x64\jre\17.0.6-win32-x86_64\bin\net.dll
Event: 0.223 Loaded shared library C:\Users\Public\wpilib\2023\vscode\data\extensions\redhat.java-1.16.0-win32-x64\jre\17.0.6-win32-x86_64\bin\nio.dll
Event: 0.231 Loaded shared library C:\Users\Public\wpilib\2023\vscode\data\extensions\redhat.java-1.16.0-win32-x64\jre\17.0.6-win32-x86_64\bin\zip.dll
Event: 0.243 Loaded shared library C:\Users\Public\wpilib\2023\vscode\data\extensions\redhat.java-1.16.0-win32-x64\jre\17.0.6-win32-x86_64\bin\jimage.dll
Event: 0.283 Loaded shared library c:\Users\Public\wpilib\2023\vscode\data\extensions\redhat.java-1.16.0-win32-x64\jre\17.0.6-win32-x86_64\bin\verify.dll
Event: 4.523 Loaded shared library C:\Users\Public\wpilib\2023\vscode\data\user-data\User\globalStorage\redhat.java\1.16.0\config_win\org.eclipse.equinox.launcher\org.eclipse.equinox.launcher.win32.win32.x86_64_1.2.700.v20221108-1024\eclipse_11801.dll
Event: 8.692 Loaded shared library C:\Users\IDEA.IDEA-16\AppData\Local\Temp\jna-2242295\jna2232552032579649002.dll
Event: 12.090 Loaded shared library C:\Users\Public\wpilib\2023\vscode\data\extensions\redhat.java-1.16.0-win32-x64\jre\17.0.6-win32-x86_64\bin\sunmscapi.dll
Event: 13.556 Loaded shared library C:\Users\IDEA.IDEA-16\.gradle\native\e1d6ef7f7dcc3fd88c89a11ec53ec762bb8ba0a96d01ffa2cd45eb1d1d8dd5c5\windows-amd64\native-platform.dll
Event: 14.098 Loaded shared library C:\Users\Public\wpilib\2023\vscode\data\extensions\redhat.java-1.16.0-win32-x64\jre\17.0.6-win32-x86_64\bin\management.dll
Event: 14.099 Loaded shared library C:\Users\Public\wpilib\2023\vscode\data\extensions\redhat.java-1.16.0-win32-x64\jre\17.0.6-win32-x86_64\bin\management_ext.dll

Deoptimization events (20 events):
Event: 2197.067 Thread 0x0000023880d654b0 DEOPT PACKING pc=0x00000238ef0a72ac sp=0x000000c450ffdbc0
Event: 2197.067 Thread 0x0000023880d654b0 DEOPT UNPACKING pc=0x00000238edae66a3 sp=0x000000c450ffdb28 mode 2
Event: 2197.067 Thread 0x0000023880d654b0 Uncommon trap: trap_request=0xffffffbe fr.pc=0x00000238ef0a72ac relative=0x0000000000000c6c
Event: 2197.067 Thread 0x0000023880d654b0 Uncommon trap: reason=profile_predicate action=maybe_recompile pc=0x00000238ef0a72ac method=org.eclipse.jdt.internal.compiler.parser.AbstractCommentParser.parseParam()Z @ 194 c2
Event: 2197.067 Thread 0x0000023880d654b0 DEOPT PACKING pc=0x00000238ef0a72ac sp=0x000000c450ffdbc0
Event: 2197.067 Thread 0x0000023880d654b0 DEOPT UNPACKING pc=0x00000238edae66a3 sp=0x000000c450ffdb28 mode 2
Event: 2197.067 Thread 0x0000023880d654b0 Uncommon trap: trap_request=0xffffffbe fr.pc=0x00000238ef0a72ac relative=0x0000000000000c6c
Event: 2197.067 Thread 0x0000023880d654b0 Uncommon trap: reason=profile_predicate action=maybe_recompile pc=0x00000238ef0a72ac method=org.eclipse.jdt.internal.compiler.parser.AbstractCommentParser.parseParam()Z @ 194 c2
Event: 2197.067 Thread 0x0000023880d654b0 DEOPT PACKING pc=0x00000238ef0a72ac sp=0x000000c450ffdbc0
Event: 2197.067 Thread 0x0000023880d654b0 DEOPT UNPACKING pc=0x00000238edae66a3 sp=0x000000c450ffdb28 mode 2
Event: 2197.192 Thread 0x0000023880d654b0 Uncommon trap: trap_request=0xfffffff6 fr.pc=0x00000238ee7e4794 relative=0x0000000000000914
Event: 2197.192 Thread 0x0000023880d654b0 Uncommon trap: reason=null_check action=maybe_recompile pc=0x00000238ee7e4794 method=lombok.launch.PatchFixesHider$PatchFixes.isGenerated(Lorg/eclipse/jdt/core/dom/ASTNode;)Z @ 3 c2
Event: 2197.192 Thread 0x0000023880d654b0 DEOPT PACKING pc=0x00000238ee7e4794 sp=0x000000c450ffe320
Event: 2197.192 Thread 0x0000023880d654b0 DEOPT UNPACKING pc=0x00000238edae66a3 sp=0x000000c450ffe2d8 mode 2
Event: 2601.883 Thread 0x00000238fcc3ae20 DEOPT PACKING pc=0x00000238e81ddb69 sp=0x000000c44f2fe5a0
Event: 2601.883 Thread 0x00000238fcc3ae20 DEOPT UNPACKING pc=0x00000238edae6e43 sp=0x000000c44f2fda30 mode 0
Event: 2651.991 Thread 0x00000238fcc3ae20 DEOPT PACKING pc=0x00000238e8578b01 sp=0x000000c44f2fe990
Event: 2651.991 Thread 0x00000238fcc3ae20 DEOPT UNPACKING pc=0x00000238edae6e43 sp=0x000000c44f2fdf18 mode 0
Event: 2655.127 Thread 0x00000238fcc3ae20 DEOPT PACKING pc=0x00000238e7b57bc2 sp=0x000000c44f2fece0
Event: 2655.127 Thread 0x00000238fcc3ae20 DEOPT UNPACKING pc=0x00000238edae6e43 sp=0x000000c44f2fe260 mode 0

Classes unloaded (20 events):
Event: 1174.947 Thread 0x00000238f99824a0 Unloading class 0x0000000100990000 'java/lang/invoke/LambdaForm$MH+0x0000000100990000'
Event: 1174.947 Thread 0x00000238f99824a0 Unloading class 0x0000000100988400 'java/lang/invoke/LambdaForm$MH+0x0000000100988400'
Event: 1174.947 Thread 0x00000238f99824a0 Unloading class 0x0000000100984c00 'java/lang/invoke/LambdaForm$MH+0x0000000100984c00'
Event: 1174.947 Thread 0x00000238f99824a0 Unloading class 0x0000000100984800 'java/lang/invoke/LambdaForm$MH+0x0000000100984800'
Event: 1174.947 Thread 0x00000238f99824a0 Unloading class 0x0000000100984000 'java/lang/invoke/LambdaForm$MH+0x0000000100984000'
Event: 1174.947 Thread 0x00000238f99824a0 Unloading class 0x00000001005c4000 'jdk/internal/reflect/GeneratedConstructorAccessor32'
Event: 1174.947 Thread 0x00000238f99824a0 Unloading class 0x0000000100531800 'jdk/internal/reflect/GeneratedConstructorAccessor31'
Event: 1174.947 Thread 0x00000238f99824a0 Unloading class 0x0000000100531400 'jdk/internal/reflect/GeneratedConstructorAccessor30'
Event: 1174.947 Thread 0x00000238f99824a0 Unloading class 0x0000000100530c00 'jdk/internal/reflect/GeneratedConstructorAccessor28'
Event: 1174.947 Thread 0x00000238f99824a0 Unloading class 0x0000000100530800 'jdk/internal/reflect/GeneratedConstructorAccessor27'
Event: 1174.947 Thread 0x00000238f99824a0 Unloading class 0x0000000100530400 'jdk/internal/reflect/GeneratedConstructorAccessor26'
Event: 1174.947 Thread 0x00000238f99824a0 Unloading class 0x0000000100356800 'java/lang/invoke/LambdaForm$MH+0x0000000100356800'
Event: 1174.947 Thread 0x00000238f99824a0 Unloading class 0x0000000100356400 'java/lang/invoke/LambdaForm$MH+0x0000000100356400'
Event: 1174.947 Thread 0x00000238f99824a0 Unloading class 0x0000000100339800 'java/lang/invoke/LambdaForm$MH+0x0000000100339800'
Event: 1174.947 Thread 0x00000238f99824a0 Unloading class 0x0000000100339400 'java/lang/invoke/LambdaForm$MH+0x0000000100339400'
Event: 1174.947 Thread 0x00000238f99824a0 Unloading class 0x0000000100339000 'java/lang/invoke/LambdaForm$MH+0x0000000100339000'
Event: 1174.947 Thread 0x00000238f99824a0 Unloading class 0x0000000100338c00 'java/lang/invoke/LambdaForm$MH+0x0000000100338c00'
Event: 1174.947 Thread 0x00000238f99824a0 Unloading class 0x0000000100338800 'java/lang/invoke/LambdaForm$MH+0x0000000100338800'
Event: 1174.947 Thread 0x00000238f99824a0 Unloading class 0x0000000100338400 'java/lang/invoke/LambdaForm$MH+0x0000000100338400'
Event: 1174.947 Thread 0x00000238f99824a0 Unloading class 0x00000001001a0000 'java/lang/invoke/LambdaForm$MH+0x00000001001a0000'

Classes redefined (0 events):
No events

Internal exceptions (20 events):
Event: 1870.331 Thread 0x00000238fc44ef40 Exception <a 'sun/nio/fs/WindowsException'{0x00000000eab967a0}> (0x00000000eab967a0) 
thrown [s\src\hotspot\share\prims\jni.cpp, line 516]
Event: 1874.702 Thread 0x00000238fc44ef40 Exception <a 'sun/nio/fs/WindowsException'{0x00000000ead59360}> (0x00000000ead59360) 
thrown [s\src\hotspot\share\prims\jni.cpp, line 516]
Event: 1874.813 Thread 0x00000238fc44ef40 Exception <a 'sun/nio/fs/WindowsException'{0x00000000eace91d8}> (0x00000000eace91d8) 
thrown [s\src\hotspot\share\prims\jni.cpp, line 516]
Event: 1876.454 Thread 0x00000238fc44ef40 Exception <a 'sun/nio/fs/WindowsException'{0x00000000eac70128}> (0x00000000eac70128) 
thrown [s\src\hotspot\share\prims\jni.cpp, line 516]
Event: 1876.525 Thread 0x00000238fc44ef40 Exception <a 'sun/nio/fs/WindowsException'{0x00000000eabb5660}> (0x00000000eabb5660) 
thrown [s\src\hotspot\share\prims\jni.cpp, line 516]
Event: 1918.825 Thread 0x00000238fc44ef40 Exception <a 'sun/nio/fs/WindowsException'{0x00000000eac55e60}> (0x00000000eac55e60) 
thrown [s\src\hotspot\share\prims\jni.cpp, line 516]
Event: 1918.886 Thread 0x00000238fc44ef40 Exception <a 'sun/nio/fs/WindowsException'{0x00000000eabf2eb8}> (0x00000000eabf2eb8) 
thrown [s\src\hotspot\share\prims\jni.cpp, line 516]
Event: 1923.467 Thread 0x00000238fc44ef40 Exception <a 'sun/nio/fs/WindowsException'{0x00000000eaf4d470}> (0x00000000eaf4d470) 
thrown [s\src\hotspot\share\prims\jni.cpp, line 516]
Event: 1923.527 Thread 0x00000238fc44ef40 Exception <a 'sun/nio/fs/WindowsException'{0x00000000eac26568}> (0x00000000eac26568) 
thrown [s\src\hotspot\share\prims\jni.cpp, line 516]
Event: 1977.611 Thread 0x00000238fc44ef40 Exception <a 'sun/nio/fs/WindowsException'{0x00000000eab64618}> (0x00000000eab64618) 
thrown [s\src\hotspot\share\prims\jni.cpp, line 516]
Event: 1977.736 Thread 0x00000238fc44ef40 Exception <a 'sun/nio/fs/WindowsException'{0x00000000eac36750}> (0x00000000eac36750) 
thrown [s\src\hotspot\share\prims\jni.cpp, line 516]
Event: 2189.322 Thread 0x00000238fcc3ae20 Implicit null exception at 0x00000238ee7e3e8f to 0x00000238ee7e4788
Event: 2194.763 Thread 0x00000238fc44ef40 Exception <a 'sun/nio/fs/WindowsException'{0x00000000eac51f80}> (0x00000000eac51f80) 
thrown [s\src\hotspot\share\prims\jni.cpp, line 516]
Event: 2194.883 Thread 0x00000238fc44ef40 Exception <a 'sun/nio/fs/WindowsException'{0x00000000eab98ee8}> (0x00000000eab98ee8) 
thrown [s\src\hotspot\share\prims\jni.cpp, line 516]
Event: 2196.421 Thread 0x0000023880d654b0 Implicit null exception at 0x00000238ee7e3e8f to 0x00000238ee7e4788
Event: 2196.651 Thread 0x00000238fc44ef40 Exception <a 'sun/nio/fs/WindowsException'{0x00000000eab50ae0}> (0x00000000eab50ae0) 
thrown [s\src\hotspot\share\prims\jni.cpp, line 516]
Event: 2196.776 Thread 0x00000238fc44ef40 Exception <a 'sun/nio/fs/WindowsException'{0x00000000eac7e320}> (0x00000000eac7e320) 
thrown [s\src\hotspot\share\prims\jni.cpp, line 516]
Event: 2197.192 Thread 0x0000023880d654b0 Implicit null exception at 0x00000238ee7e3e8f to 0x00000238ee7e4788
Event: 2651.752 Thread 0x00000238fc44ef40 Exception <a 'sun/nio/fs/WindowsException'{0x00000000eab7ef70}> (0x00000000eab7ef70) 
thrown [s\src\hotspot\share\prims\jni.cpp, line 516]
Event: 2651.826 Thread 0x00000238fc44ef40 Exception <a 'sun/nio/fs/WindowsException'{0x00000000eacacaa0}> (0x00000000eacacaa0) 
thrown [s\src\hotspot\share\prims\jni.cpp, line 516]

VM Operations (20 events):
Event: 2655.648 Executing VM operation: ParallelGCFailedAllocation
Event: 2655.649 Executing VM operation: ParallelGCFailedAllocation done
Event: 2655.654 Executing VM operation: ParallelGCFailedAllocation
Event: 2655.654 Executing VM operation: ParallelGCFailedAllocation done
Event: 2655.658 Executing VM operation: ParallelGCFailedAllocation
Event: 2655.659 Executing VM operation: ParallelGCFailedAllocation done
Event: 2655.660 Executing VM operation: ParallelGCFailedAllocation
Event: 2655.661 Executing VM operation: ParallelGCFailedAllocation done
Event: 2655.663 Executing VM operation: ParallelGCFailedAllocation
Event: 2655.664 Executing VM operation: ParallelGCFailedAllocation done
Event: 2655.666 Executing VM operation: ParallelGCFailedAllocation
Event: 2655.667 Executing VM operation: ParallelGCFailedAllocation done
Event: 2655.669 Executing VM operation: ParallelGCFailedAllocation
Event: 2655.672 Executing VM operation: ParallelGCFailedAllocation done
Event: 2655.675 Executing VM operation: ParallelGCFailedAllocation
Event: 2655.676 Executing VM operation: ParallelGCFailedAllocation done
Event: 2655.678 Executing VM operation: ParallelGCFailedAllocation
Event: 2655.679 Executing VM operation: ParallelGCFailedAllocation done
Event: 2655.681 Executing VM operation: ParallelGCFailedAllocation
Event: 2655.682 Executing VM operation: ParallelGCFailedAllocation done

Events (20 events):
Event: 2218.824 Thread 0x0000023880d64b10 Thread added: 0x0000023880d64b10
Event: 2218.824 Thread 0x0000023880d64b10 Thread exited: 0x0000023880d64b10
Event: 2218.824 Thread 0x0000023880d62960 Thread exited: 0x0000023880d62960
Event: 2218.824 Thread 0x0000023880d5fe10 Thread exited: 0x0000023880d5fe10
Event: 2259.802 Thread 0x0000023880d654b0 Thread exited: 0x0000023880d654b0
Event: 2278.941 Thread 0x0000023880d5f470 Thread exited: 0x0000023880d5f470
Event: 2350.014 Thread 0x00000238fcc39610 Thread exited: 0x00000238fcc39610
Event: 2410.014 Thread 0x0000023880d61af0 Thread exited: 0x0000023880d61af0
Event: 2470.015 Thread 0x00000238fcc38c70 Thread exited: 0x00000238fcc38c70
Event: 2530.018 Thread 0x00000238fcc37e00 Thread exited: 0x00000238fcc37e00
Event: 2600.548 Thread 0x0000023880d654b0 Thread added: 0x0000023880d654b0
Event: 2600.548 Thread 0x0000023880d667f0 Thread added: 0x0000023880d667f0
Event: 2600.549 Thread 0x0000023880d602e0 Thread added: 0x0000023880d602e0
Event: 2600.549 Thread 0x0000023880d62960 Thread added: 0x0000023880d62960
Event: 2600.549 Thread 0x0000023880d61620 Thread added: 0x0000023880d61620
Event: 2650.829 Thread 0x0000023880d62e30 Thread added: 0x0000023880d62e30
Event: 2651.912 Thread 0x0000023880d64b10 Thread added: 0x0000023880d64b10
Event: 2651.922 Thread 0x0000023880d64b10 Thread exited: 0x0000023880d64b10
Event: 2654.056 Thread 0x0000023880d61150 Thread added: 0x0000023880d61150
Event: 2654.064 Thread 0x0000023880d61150 Thread exited: 0x0000023880d61150


Dynamic libraries:
0x00007ff60c090000 - 0x00007ff60c09e000 	c:\Users\Public\wpilib\2023\vscode\data\extensions\redhat.java-1.16.0-win32-x64\jre\17.0.6-win32-x86_64\bin\java.exe
0x00007ffde8190000 - 0x00007ffde8388000 	C:\WINDOWS\SYSTEM32\ntdll.dll
0x00007ffde6680000 - 0x00007ffde673d000 	C:\WINDOWS\System32\KERNEL32.DLL
0x00007ffde5930000 - 0x00007ffde5c26000 	C:\WINDOWS\System32\KERNELBASE.dll
0x00007ffde5cb0000 - 0x00007ffde5db0000 	C:\WINDOWS\System32\ucrtbase.dll
0x00007ffdde1d0000 - 0x00007ffdde1e7000 	c:\Users\Public\wpilib\2023\vscode\data\extensions\redhat.java-1.16.0-win32-x64\jre\17.0.6-win32-x86_64\bin\jli.dll
0x00007ffde72f0000 - 0x00007ffde748e000 	C:\WINDOWS\System32\USER32.dll
0x00007ffde5c80000 - 0x00007ffde5ca2000 	C:\WINDOWS\System32\win32u.dll
0x00007ffdd0ee0000 - 0x00007ffdd117a000 	C:\WINDOWS\WinSxS\amd64_microsoft.windows.common-controls_6595b64144ccf1df_6.0.19041.3636_none_60b6a03d71f818d5\COMCTL32.dll
0x00007ffde6650000 - 0x00007ffde667c000 	C:\WINDOWS\System32\GDI32.dll
0x00007ffde6740000 - 0x00007ffde67de000 	C:\WINDOWS\System32\msvcrt.dll
0x00007ffde60c0000 - 0x00007ffde61da000 	C:\WINDOWS\System32\gdi32full.dll
0x00007ffde5860000 - 0x00007ffde58fd000 	C:\WINDOWS\System32\msvcp_win.dll
0x00007ffdddda0000 - 0x00007ffddddb9000 	c:\Users\Public\wpilib\2023\vscode\data\extensions\redhat.java-1.16.0-win32-x64\jre\17.0.6-win32-x86_64\bin\VCRUNTIME140.dll
0x00007ffde7c60000 - 0x00007ffde7c90000 	C:\WINDOWS\System32\IMM32.DLL
0x00007ffde13b0000 - 0x00007ffde13bc000 	c:\Users\Public\wpilib\2023\vscode\data\extensions\redhat.java-1.16.0-win32-x64\jre\17.0.6-win32-x86_64\bin\vcruntime140_1.dll
0x00007ffdb12d0000 - 0x00007ffdb1361000 	c:\Users\Public\wpilib\2023\vscode\data\extensions\redhat.java-1.16.0-win32-x64\jre\17.0.6-win32-x86_64\bin\msvcp140.dll
0x00007ffd4ea40000 - 0x00007ffd4f687000 	c:\Users\Public\wpilib\2023\vscode\data\extensions\redhat.java-1.16.0-win32-x64\jre\17.0.6-win32-x86_64\bin\server\jvm.dll
0x00007ffde6c50000 - 0x00007ffde6d03000 	C:\WINDOWS\System32\ADVAPI32.dll
0x00007ffde6d10000 - 0x00007ffde6daf000 	C:\WINDOWS\System32\sechost.dll
0x00007ffde6ee0000 - 0x00007ffde7006000 	C:\WINDOWS\System32\RPCRT4.dll
0x00007ffde5900000 - 0x00007ffde5927000 	C:\WINDOWS\System32\bcrypt.dll
0x00007ffdda280000 - 0x00007ffdda2a7000 	C:\WINDOWS\SYSTEM32\WINMM.dll
0x00007ffdc3790000 - 0x00007ffdc3799000 	C:\WINDOWS\SYSTEM32\WSOCK32.dll
0x00007ffddedc0000 - 0x00007ffddedca000 	C:\WINDOWS\SYSTEM32\VERSION.dll
0x00007ffde7490000 - 0x00007ffde74fb000 	C:\WINDOWS\System32\WS2_32.dll
0x00007ffde3730000 - 0x00007ffde3742000 	C:\WINDOWS\SYSTEM32\kernel.appcore.dll
0x00007ffde1280000 - 0x00007ffde128a000 	c:\Users\Public\wpilib\2023\vscode\data\extensions\redhat.java-1.16.0-win32-x64\jre\17.0.6-win32-x86_64\bin\jimage.dll
0x00007ffddb4e0000 - 0x00007ffddb6c4000 	C:\WINDOWS\SYSTEM32\DBGHELP.DLL
0x00007ffdc2f90000 - 0x00007ffdc2fc4000 	C:\WINDOWS\SYSTEM32\dbgcore.DLL
0x00007ffde5f10000 - 0x00007ffde5f92000 	C:\WINDOWS\System32\bcryptPrimitives.dll
0x00007ffde1350000 - 0x00007ffde135e000 	c:\Users\Public\wpilib\2023\vscode\data\extensions\redhat.java-1.16.0-win32-x64\jre\17.0.6-win32-x86_64\bin\instrument.dll
0x00007ffdd4ac0000 - 0x00007ffdd4ae5000 	c:\Users\Public\wpilib\2023\vscode\data\extensions\redhat.java-1.16.0-win32-x64\jre\17.0.6-win32-x86_64\bin\java.dll
0x00007ffdd9650000 - 0x00007ffdd9668000 	c:\Users\Public\wpilib\2023\vscode\data\extensions\redhat.java-1.16.0-win32-x64\jre\17.0.6-win32-x86_64\bin\zip.dll
0x00007ffde7500000 - 0x00007ffde7c45000 	C:\WINDOWS\System32\SHELL32.dll
0x00007ffde3930000 - 0x00007ffde40cb000 	C:\WINDOWS\SYSTEM32\windows.storage.dll
0x00007ffde61e0000 - 0x00007ffde6534000 	C:\WINDOWS\System32\combase.dll
0x00007ffde5290000 - 0x00007ffde52bd000 	C:\WINDOWS\SYSTEM32\Wldp.dll
0x00007ffde7e30000 - 0x00007ffde7edd000 	C:\WINDOWS\System32\SHCORE.dll
0x00007ffde6540000 - 0x00007ffde6595000 	C:\WINDOWS\System32\shlwapi.dll
0x00007ffde5790000 - 0x00007ffde57b5000 	C:\WINDOWS\SYSTEM32\profapi.dll
0x00007ffdd9600000 - 0x00007ffdd9619000 	C:\Users\Public\wpilib\2023\vscode\data\extensions\redhat.java-1.16.0-win32-x64\jre\17.0.6-win32-x86_64\bin\net.dll
0x00007ffddeb10000 - 0x00007ffddec1a000 	C:\WINDOWS\SYSTEM32\WINHTTP.dll
0x00007ffde4f80000 - 0x00007ffde4fea000 	C:\WINDOWS\system32\mswsock.dll
0x00007ffdd95a0000 - 0x00007ffdd95b5000 	C:\Users\Public\wpilib\2023\vscode\data\extensions\redhat.java-1.16.0-win32-x64\jre\17.0.6-win32-x86_64\bin\nio.dll
0x00007ffde01f0000 - 0x00007ffde0200000 	c:\Users\Public\wpilib\2023\vscode\data\extensions\redhat.java-1.16.0-win32-x64\jre\17.0.6-win32-x86_64\bin\verify.dll
0x00007ffdd6620000 - 0x00007ffdd665e000 	C:\Users\Public\wpilib\2023\vscode\data\user-data\User\globalStorage\redhat.java\1.16.0\config_win\org.eclipse.equinox.launcher\org.eclipse.equinox.launcher.win32.win32.x86_64_1.2.700.v20221108-1024\eclipse_11801.dll
0x00007ffde6db0000 - 0x00007ffde6edb000 	C:\WINDOWS\System32\ole32.dll
0x00007ffde5170000 - 0x00007ffde5188000 	C:\WINDOWS\SYSTEM32\CRYPTSP.dll
0x00007ffde4850000 - 0x00007ffde4884000 	C:\WINDOWS\system32\rsaenh.dll
0x00007ffde5710000 - 0x00007ffde573e000 	C:\WINDOWS\SYSTEM32\USERENV.dll
0x00007ffde5190000 - 0x00007ffde519c000 	C:\WINDOWS\SYSTEM32\CRYPTBASE.dll
0x00007ffde4c10000 - 0x00007ffde4c4b000 	C:\WINDOWS\SYSTEM32\IPHLPAPI.DLL
0x00007ffde7c50000 - 0x00007ffde7c58000 	C:\WINDOWS\System32\NSI.dll
0x00007ffddf050000 - 0x00007ffddf067000 	C:\WINDOWS\SYSTEM32\dhcpcsvc6.DLL
0x00007ffddf5f0000 - 0x00007ffddf60d000 	C:\WINDOWS\SYSTEM32\dhcpcsvc.DLL
0x00007ffde4c50000 - 0x00007ffde4d1a000 	C:\WINDOWS\SYSTEM32\DNSAPI.dll
0x00007ffdba0f0000 - 0x00007ffdba135000 	C:\Users\IDEA.IDEA-16\AppData\Local\Temp\jna-2242295\jna2232552032579649002.dll
0x00007ffde8140000 - 0x00007ffde8148000 	C:\WINDOWS\System32\PSAPI.DLL
0x00007ffddb970000 - 0x00007ffddb97e000 	C:\Users\Public\wpilib\2023\vscode\data\extensions\redhat.java-1.16.0-win32-x64\jre\17.0.6-win32-x86_64\bin\sunmscapi.dll
0x00007ffde5db0000 - 0x00007ffde5f0d000 	C:\WINDOWS\System32\CRYPT32.dll
0x00007ffde5300000 - 0x00007ffde5328000 	C:\WINDOWS\SYSTEM32\ncrypt.dll
0x00007ffde52c0000 - 0x00007ffde52fb000 	C:\WINDOWS\SYSTEM32\NTASN1.dll
0x000000006a7b0000 - 0x000000006a7bb000 	C:\Program Files\National Instruments\Shared\mDNS Responder\nimdnsNSP.dll
0x000000006a790000 - 0x000000006a7a1000 	C:\WINDOWS\SYSTEM32\nimdnsResponder.dll
0x00007ffdddf40000 - 0x00007ffdddf4a000 	C:\Windows\System32\rasadhlp.dll
0x00007ffdd8ca0000 - 0x00007ffdd8d20000 	C:\WINDOWS\System32\fwpuclnt.dll
0x00007ffdd4220000 - 0x00007ffdd4247000 	C:\Users\IDEA.IDEA-16\.gradle\native\e1d6ef7f7dcc3fd88c89a11ec53ec762bb8ba0a96d01ffa2cd45eb1d1d8dd5c5\windows-amd64\native-platform.dll
0x00007ffddb820000 - 0x00007ffddb829000 	C:\Users\Public\wpilib\2023\vscode\data\extensions\redhat.java-1.16.0-win32-x64\jre\17.0.6-win32-x86_64\bin\management.dll
0x00007ffdd95e0000 - 0x00007ffdd95eb000 	C:\Users\Public\wpilib\2023\vscode\data\extensions\redhat.java-1.16.0-win32-x64\jre\17.0.6-win32-x86_64\bin\management_ext.dll
0x00007ffde13c0000 - 0x00007ffde13c7000 	C:\WINDOWS\system32\wshunix.dll

dbghelp: loaded successfully - version: 4.0.5 - missing functions: none
symbol engine: initialized successfully - sym options: 0x614 - pdb path: .;c:\Users\Public\wpilib\2023\vscode\data\extensions\redhat.java-1.16.0-win32-x64\jre\17.0.6-win32-x86_64\bin;C:\WINDOWS\SYSTEM32;C:\WINDOWS\WinSxS\amd64_microsoft.windows.common-controls_6595b64144ccf1df_6.0.19041.3636_none_60b6a03d71f818d5;c:\Users\Public\wpilib\2023\vscode\data\extensions\redhat.java-1.16.0-win32-x64\jre\17.0.6-win32-x86_64\bin\server;C:\Users\Public\wpilib\2023\vscode\data\user-data\User\globalStorage\redhat.java\1.16.0\config_win\org.eclipse.equinox.launcher\org.eclipse.equinox.launcher.win32.win32.x86_64_1.2.700.v20221108-1024;C:\Users\IDEA.IDEA-16\AppData\Local\Temp\jna-2242295;C:\Program Files\National Instruments\Shared\mDNS Responder;C:\Users\IDEA.IDEA-16\.gradle\native\e1d6ef7f7dcc3fd88c89a11ec53ec762bb8ba0a96d01ffa2cd45eb1d1d8dd5c5\windows-amd64

VM Arguments:
jvm_args: --add-modules=ALL-SYSTEM --add-opens=java.base/java.util=ALL-UNNAMED --add-opens=java.base/java.lang=ALL-UNNAMED --add-opens=java.base/sun.nio.fs=ALL-UNNAMED -Declipse.application=org.eclipse.jdt.ls.core.id1 -Dosgi.bundles.defaultStartLevel=4 -Declipse.product=org.eclipse.jdt.ls.core.product -Djava.import.generatesMetadataFilesAtProjectRoot=false -Dfile.encoding=utf8 -XX:+UseParallelGC -XX:GCTimeRatio=4 -XX:AdaptiveSizePolicyWeight=90 -Dsun.zip.disableMemoryMapping=true -Xmx1G -Xms100m -Xlog:disable -javaagent:c:\Users\Public\wpilib\2023\vscode\data\extensions\redhat.java-1.16.0-win32-x64\lombok\lombok-1.18.24.jar -XX:+HeapDumpOnOutOfMemoryError -XX:HeapDumpPath=c:\Users\Public\wpilib\2023\vscode\data\user-data\User\workspaceStorage\3012a3d3674b8c37b248c5b669b4ead8\redhat.java 
java_command: c:\Users\Public\wpilib\2023\vscode\data\extensions\redhat.java-1.16.0-win32-x64\server\plugins\org.eclipse.equinox.launcher_1.6.400.v20210924-0641.jar -configuration c:\Users\Public\wpilib\2023\vscode\data\user-data\User\globalStorage\redhat.java\1.16.0\config_win -data c:\Users\Public\wpilib\2023\vscode\data\user-data\User\workspaceStorage\3012a3d3674b8c37b248c5b669b4ead8\redhat.java\jdt_ws
java_class_path (initial): c:\Users\Public\wpilib\2023\vscode\data\extensions\redhat.java-1.16.0-win32-x64\server\plugins\org.eclipse.equinox.launcher_1.6.400.v20210924-0641.jar
Launcher Type: SUN_STANDARD

[Global flags]
    uintx AdaptiveSizePolicyWeight                 = 90                                        {product} {command line}
     intx CICompilerCount                          = 4                                         {product} {ergonomic}
    uintx GCTimeRatio                              = 4                                         {product} {command line}
     bool HeapDumpOnOutOfMemoryError               = true                                   {manageable} {command line}
    ccstr HeapDumpPath                             = c:\Users\Public\wpilib\2023\vscode\data\user-data\User\workspaceStorage\3012a3d3674b8c37b248c5b669b4ead8\redhat.java         {manageable} {command line}
   size_t InitialHeapSize                          = 104857600                                 {product} {command line}
   size_t MaxHeapSize                              = 1073741824                                {product} {command line}
   size_t MaxNewSize                               = 357564416                                 {product} {ergonomic}
   size_t MinHeapDeltaBytes                        = 524288                                    {product} {ergonomic}
   size_t MinHeapSize                              = 104857600                                 {product} {command line}
   size_t NewSize                                  = 34603008                                  {product} {ergonomic}
    uintx NonNMethodCodeHeapSize                   = 5839372                                {pd product} {ergonomic}
    uintx NonProfiledCodeHeapSize                  = 122909434                              {pd product} {ergonomic}
   size_t OldSize                                  = 70254592                                  {product} {ergonomic}
    uintx ProfiledCodeHeapSize                     = 122909434                              {pd product} {ergonomic}
    uintx ReservedCodeCacheSize                    = 251658240                              {pd product} {ergonomic}
     bool SegmentedCodeCache                       = true                                      {product} {ergonomic}
   size_t SoftMaxHeapSize                          = 1073741824                             {manageable} {ergonomic}
     bool UseCompressedClassPointers               = true                           {product lp64_product} {ergonomic}
     bool UseCompressedOops                        = true                           {product lp64_product} {ergonomic}
     bool UseLargePagesIndividualAllocation        = false                                  {pd product} {ergonomic}
     bool UseParallelGC                            = true                                      {product} {command line}

Logging:
Log output configuration:
 #0: stdout all=off uptime,level,tags
 #1: stderr all=off uptime,level,tags

Environment Variables:
PATH=C:\Program Files\National Instruments\Shared\OpenVINO\;C:\Windows\system32;C:\Windows;C:\Windows\System32\Wbem;C:\Windows\System32\WindowsPowerShell\v1.0\;C:\Windows\System32\OpenSSH\;C:\Program Files\Microsoft SQL Server\120\Tools\Binn\;C:\Program Files\Common Files\Autodesk Shared\;C:\WINDOWS\system32;C:\WINDOWS;C:\WINDOWS\System32\Wbem;C:\WINDOWS\System32\WindowsPowerShell\v1.0\;C:\WINDOWS\System32\OpenSSH\;C:\Program Files\Microsoft SQL Server\Client SDK\ODBC\110\Tools\Binn\;C:\Program Files (x86)\Microsoft SQL Server\120\Tools\Binn\;C:\Program Files\Microsoft SQL Server\120\DTS\Binn\;C:\Program Files (x86)\Windows Kits\8.1\Windows Performance Toolkit\;C:\Program Files\heroku\bin\;C:\Program Files\dotnet\;C:\Users\Mr. Garza\AppData\Roaming\nvm;C:\Program Files\nodejs;C:\Users\IDEA.IDEA-16\AppData\Local\Microsoft\WindowsApps;C:\Users\IDEA.IDEA-16\AppData\Local\GitHubDesktop\bin;C:\Users\IDEA.IDEA-16\AppData\Roaming\npm;C:\Users\IDEA.IDEA-16\AppData\Local\Programs\Git\cmd;C:\Users\IDEA.IDEA-16\AppData\Local\Programs\Microsoft VS Code\bin
USERNAME=IDEA
OS=Windows_NT
PROCESSOR_IDENTIFIER=Intel64 Family 6 Model 158 Stepping 10, GenuineIntel
TMP=C:\Users\IDEA~1.IDE\AppData\Local\Temp
TEMP=C:\Users\IDEA~1.IDE\AppData\Local\Temp



---------------  S Y S T E M  ---------------

OS:
 Windows 10 , 64 bit Build 19041 (10.0.19041.3636)
OS uptime: 9 days 22:08 hours

CPU: total 12 (initial active 12) (6 cores per cpu, 2 threads per core) family 6 model 158 stepping 10 microcode 0xb4, cx8, cmov, fxsr, ht, mmx, 3dnowpref, sse, sse2, sse3, ssse3, sse4.1, sse4.2, popcnt, lzcnt, tsc, tscinvbit, avx, avx2, aes, erms, clmul, bmi1, bmi2, rtm, adx, fma, vzeroupper, clflush, clflushopt

Memory: 4k page, system-wide physical 16302M (6543M free)
TotalPageFile size 18475M (AvailPageFile size 16M)
current process WorkingSet (physical memory assigned to process): 357M, peak: 410M
current process commit charge ("private bytes"): 405M, peak: 447M

vm_info: OpenJDK 64-Bit Server VM (17.0.6+10) for windows-amd64 JRE (17.0.6+10), built on Jan 18 2023 10:08:59 by "temurin" with MS VC++ 16.7 (VS2019)

END.
